{
  "RSpec": {
    "coverage": {
      "/Users/nguyennhat/Documents/sample_api/app/controllers/api/v1/users_controller.rb": {
        "lines": [
          1,
          1,
          1,
          1,
          null,
          null,
          1,
          1,
          null,
          null,
          null,
          1,
          0,
          0,
          0,
          0,
          0,
          0,
          null,
          1,
          4,
          4,
          2,
          null,
          2,
          null,
          null,
          null,
          1,
          3,
          2,
          null,
          1,
          null,
          null,
          null,
          1,
          2,
          2,
          null,
          null,
          1,
          1,
          7,
          7,
          1,
          null,
          null,
          1,
          7,
          null,
          null,
          null
        ]
      },
      "/Users/nguyennhat/Documents/sample_api/app/controllers/application_controller.rb": {
        "lines": [
          1,
          1,
          1,
          null,
          1,
          11,
          11,
          11,
          11,
          0,
          null,
          null,
          null
        ]
      },
      "/Users/nguyennhat/Documents/sample_api/lib/authentication.rb": {
        "lines": [
          1,
          null,
          1,
          1,
          null,
          1,
          1,
          11,
          null,
          null,
          1,
          11,
          null,
          null,
          null
        ]
      },
      "/Users/nguyennhat/Documents/sample_api/spec/models/user_spec.rb": {
        "lines": [
          1,
          null,
          1,
          7,
          7,
          null,
          2,
          2,
          2,
          null,
          2,
          2,
          2,
          null
        ]
      },
      "/Users/nguyennhat/Documents/sample_api/app/models/user.rb": {
        "lines": [
          1,
          1,
          1,
          1,
          1,
          null
        ]
      },
      "/Users/nguyennhat/Documents/sample_api/app/models/application_record.rb": {
        "lines": [
          1,
          1,
          null
        ]
      },
      "/Users/nguyennhat/Documents/sample_api/app/controllers/api/v1/auths_controller.rb": {
        "lines": [
          1,
          1,
          11,
          11,
          11,
          null,
          0,
          null,
          null,
          null
        ]
      }
    },
    "timestamp": 1701412499
  }
}
